# JRE version: Java(TM) SE Runtime Environment (8.0_11-b12) (build 1.8.0_11-b12)
# Java VM: Java HotSpot(TM) 64-Bit Server VM (25.11-b03 mixed mode bsd-amd64 compressed oops)
Heap:
 PSYoungGen      total 249344K, used 206476K [0x0000000795580000, 0x00000007a5400000, 0x00000007c0000000)
  eden space 239104K, 84% used [0x0000000795580000,0x00000007a1bf9250,0x00000007a3f00000)
  from space 10240K, 31% used [0x00000007a3f00000,0x00000007a4229e48,0x00000007a4900000)
  to   space 9728K, 0% used [0x00000007a4a80000,0x00000007a4a80000,0x00000007a5400000)
 ParOldGen       total 80384K, used 69038K [0x0000000740000000, 0x0000000744e80000, 0x0000000795580000)
  object space 80384K, 85% used [0x0000000740000000,0x000000074436bac0,0x0000000744e80000)
 Metaspace       used 64995K, capacity 92711K, committed 92884K, reserved 1116160K
  class space    used 17653K, capacity 26804K, committed 26880K, reserved 1048576K
GC Heap History (10 events):
Event: 1117.828 GC heap before
{Heap before GC invocations=107 (full 6):
 PSYoungGen      total 246784K, used 236753K [0x0000000795580000, 0x00000007a5380000, 0x00000007c0000000)
  eden space 235520K, 100% used [0x0000000795580000,0x00000007a3b80000,0x00000007a3b80000)
  from space 11264K, 10% used [0x00000007a4880000,0x00000007a49b4570,0x00000007a5380000)
  to   space 12288K, 0% used [0x00000007a3b80000,0x00000007a3b80000,0x00000007a4780000)
 ParOldGen       total 80384K, used 68646K [0x0000000740000000, 0x0000000744e80000, 0x0000000795580000)
  object space 80384K, 85% used [0x0000000740000000,0x0000000744309ac0,0x0000000744e80000)
 Metaspace       used 64419K, capacity 91397K, committed 91604K, reserved 1114112K
  class space    used 17425K, capacity 26330K, committed 26368K, reserved 1048576K
Event: 1117.832 GC heap after
Heap after GC invocations=107 (full 6):
 PSYoungGen      total 247808K, used 4632K [0x0000000795580000, 0x00000007a5400000, 0x00000007c0000000)
  eden space 235520K, 0% used [0x0000000795580000,0x0000000795580000,0x00000007a3b80000)
  from space 12288K, 37% used [0x00000007a3b80000,0x00000007a4006200,0x00000007a4780000)
  to   space 11776K, 0% used [0x00000007a4880000,0x00000007a4880000,0x00000007a5400000)
 ParOldGen       total 80384K, used 68726K [0x0000000740000000, 0x0000000744e80000, 0x0000000795580000)
  object space 80384K, 85% used [0x0000000740000000,0x000000074431dac0,0x0000000744e80000)
 Metaspace       used 64419K, capacity 91397K, committed 91604K, reserved 1114112K
  class space    used 17425K, capacity 26330K, committed 26368K, reserved 1048576K
}
Event: 1118.304 GC heap before
{Heap before GC invocations=108 (full 6):
 PSYoungGen      total 247808K, used 240152K [0x0000000795580000, 0x00000007a5400000, 0x00000007c0000000)
  eden space 235520K, 100% used [0x0000000795580000,0x00000007a3b80000,0x00000007a3b80000)
  from space 12288K, 37% used [0x00000007a3b80000,0x00000007a4006200,0x00000007a4780000)
  to   space 11776K, 0% used [0x00000007a4880000,0x00000007a4880000,0x00000007a5400000)
 ParOldGen       total 80384K, used 68726K [0x0000000740000000, 0x0000000744e80000, 0x0000000795580000)
  object space 80384K, 85% used [0x0000000740000000,0x000000074431dac0,0x0000000744e80000)
 Metaspace       used 64580K, capacity 91775K, committed 91988K, reserved 1114112K
  class space    used 17493K, capacity 26468K, committed 26496K, reserved 1048576K
Event: 1118.308 GC heap after
Heap after GC invocations=108 (full 6):
 PSYoungGen      total 248832K, used 1792K [0x0000000795580000, 0x00000007a5380000, 0x00000007c0000000)
  eden space 237568K, 0% used [0x0000000795580000,0x0000000795580000,0x00000007a3d80000)
  from space 11264K, 15% used [0x00000007a4880000,0x00000007a4a40000,0x00000007a5380000)
  to   space 11264K, 0% used [0x00000007a3d80000,0x00000007a3d80000,0x00000007a4880000)
 ParOldGen       total 80384K, used 68790K [0x0000000740000000, 0x0000000744e80000, 0x0000000795580000)
  object space 80384K, 85% used [0x0000000740000000,0x000000074432dac0,0x0000000744e80000)
 Metaspace       used 64580K, capacity 91775K, committed 91988K, reserved 1114112K
  class space    used 17493K, capacity 26468K, committed 26496K, reserved 1048576K
}
Event: 1122.751 GC heap before
{Heap before GC invocations=109 (full 6):
 PSYoungGen      total 248832K, used 239360K [0x0000000795580000, 0x00000007a5380000, 0x00000007c0000000)
  eden space 237568K, 100% used [0x0000000795580000,0x00000007a3d80000,0x00000007a3d80000)
  from space 11264K, 15% used [0x00000007a4880000,0x00000007a4a40000,0x00000007a5380000)
  to   space 11264K, 0% used [0x00000007a3d80000,0x00000007a3d80000,0x00000007a4880000)
 ParOldGen       total 80384K, used 68790K [0x0000000740000000, 0x0000000744e80000, 0x0000000795580000)
  object space 80384K, 85% used [0x0000000740000000,0x000000074432dac0,0x0000000744e80000)
 Metaspace       used 64666K, capacity 91971K, committed 92116K, reserved 1114112K
  class space    used 17530K, capacity 26540K, committed 26624K, reserved 1048576K
Event: 1122.755 GC heap after
Heap after GC invocations=109 (full 6):
 PSYoungGen      total 248832K, used 4571K [0x0000000795580000, 0x00000007a5580000, 0x00000007c0000000)
  eden space 237568K, 0% used [0x0000000795580000,0x0000000795580000,0x00000007a3d80000)
  from space 11264K, 40% used [0x00000007a3d80000,0x00000007a41f6ce0,0x00000007a4880000)
  to   space 11264K, 0% used [0x00000007a4a80000,0x00000007a4a80000,0x00000007a5580000)
 ParOldGen       total 80384K, used 68870K [0x0000000740000000, 0x0000000744e80000, 0x0000000795580000)
  object space 80384K, 85% used [0x0000000740000000,0x0000000744341ac0,0x0000000744e80000)
 Metaspace       used 64666K, capacity 91971K, committed 92116K, reserved 1114112K
  class space    used 17530K, capacity 26540K, committed 26624K, reserved 1048576K
}
Event: 1125.026 GC heap before
{Heap before GC invocations=110 (full 6):
 PSYoungGen      total 248832K, used 242139K [0x0000000795580000, 0x00000007a5580000, 0x00000007c0000000)
  eden space 237568K, 100% used [0x0000000795580000,0x00000007a3d80000,0x00000007a3d80000)
  from space 11264K, 40% used [0x00000007a3d80000,0x00000007a41f6ce0,0x00000007a4880000)
  to   space 11264K, 0% used [0x00000007a4a80000,0x00000007a4a80000,0x00000007a5580000)
 ParOldGen       total 80384K, used 68870K [0x0000000740000000, 0x0000000744e80000, 0x0000000795580000)
  object space 80384K, 85% used [0x0000000740000000,0x0000000744341ac0,0x0000000744e80000)
 Metaspace       used 64761K, capacity 92181K, committed 92372K, reserved 1116160K
  class space    used 17570K, capacity 26618K, committed 26624K, reserved 1048576K
Event: 1125.030 GC heap after
Heap after GC invocations=110 (full 6):
 PSYoungGen      total 247808K, used 3254K [0x0000000795580000, 0x00000007a5300000, 0x00000007c0000000)
  eden space 239104K, 0% used [0x0000000795580000,0x0000000795580000,0x00000007a3f00000)
  from space 8704K, 37% used [0x00000007a4a80000,0x00000007a4dad930,0x00000007a5300000)
  to   space 10240K, 0% used [0x00000007a3f00000,0x00000007a3f00000,0x00000007a4900000)
 ParOldGen       total 80384K, used 68958K [0x0000000740000000, 0x0000000744e80000, 0x0000000795580000)
  object space 80384K, 85% used [0x0000000740000000,0x0000000744357ac0,0x0000000744e80000)
 Metaspace       used 64761K, capacity 92181K, committed 92372K, reserved 1116160K
  class space    used 17570K, capacity 26618K, committed 26624K, reserved 1048576K
}
Event: 1125.719 GC heap before
{Heap before GC invocations=111 (full 6):
 PSYoungGen      total 247808K, used 242358K [0x0000000795580000, 0x00000007a5300000, 0x00000007c0000000)
  eden space 239104K, 100% used [0x0000000795580000,0x00000007a3f00000,0x00000007a3f00000)
  from space 8704K, 37% used [0x00000007a4a80000,0x00000007a4dad930,0x00000007a5300000)
  to   space 10240K, 0% used [0x00000007a3f00000,0x00000007a3f00000,0x00000007a4900000)
 ParOldGen       total 80384K, used 68958K [0x0000000740000000, 0x0000000744e80000, 0x0000000795580000)
  object space 80384K, 85% used [0x0000000740000000,0x0000000744357ac0,0x0000000744e80000)
 Metaspace       used 64922K, capacity 92537K, committed 92756K, reserved 1116160K
  class space    used 17628K, capacity 26742K, committed 26752K, reserved 1048576K
Event: 1125.723 GC heap after
Heap after GC invocations=111 (full 6):
 PSYoungGen      total 249344K, used 3239K [0x0000000795580000, 0x00000007a5400000, 0x00000007c0000000)
  eden space 239104K, 0% used [0x0000000795580000,0x0000000795580000,0x00000007a3f00000)
  from space 10240K, 31% used [0x00000007a3f00000,0x00000007a4229e48,0x00000007a4900000)
  to   space 9728K, 0% used [0x00000007a4a80000,0x00000007a4a80000,0x00000007a5400000)
 ParOldGen       total 80384K, used 69038K [0x0000000740000000, 0x0000000744e80000, 0x0000000795580000)
  object space 80384K, 85% used [0x0000000740000000,0x000000074436bac0,0x0000000744e80000)
 Metaspace       used 64922K, capacity 92537K, committed 92756K, reserved 1116160K
  class space    used 17628K, capacity 26742K, committed 26752K, reserved 1048576K
}

