# JRE version: Java(TM) SE Runtime Environment (8.0_11-b12) (build 1.8.0_11-b12)
# Java VM: Java HotSpot(TM) 64-Bit Server VM (25.11-b03 mixed mode bsd-amd64 compressed oops)
Heap:
 PSYoungGen      total 129536K, used 14174K [0x0000000795580000, 0x000000079dc80000, 0x00000007c0000000)
  eden space 122368K, 8% used [0x0000000795580000,0x0000000795f42198,0x000000079cd00000)
  from space 7168K, 58% used [0x000000079cd00000,0x000000079d115780,0x000000079d400000)
  to   space 7168K, 0% used [0x000000079d580000,0x000000079d580000,0x000000079dc80000)
 ParOldGen       total 80896K, used 67890K [0x0000000740000000, 0x0000000744f00000, 0x0000000795580000)
  object space 80896K, 83% used [0x0000000740000000,0x000000074424c828,0x0000000744f00000)
 Metaspace       used 58294K, capacity 82815K, committed 102272K, reserved 1122304K
  class space    used 14766K, capacity 23164K, committed 29824K, reserved 1048576K
GC Heap History (10 events):
Event: 14054.132 GC heap before
{Heap before GC invocations=279 (full 7):
 PSYoungGen      total 124416K, used 122630K [0x0000000795580000, 0x000000079d680000, 0x00000007c0000000)
  eden space 118784K, 100% used [0x0000000795580000,0x000000079c980000,0x000000079c980000)
  from space 5632K, 68% used [0x000000079c980000,0x000000079cd41b10,0x000000079cf00000)
  to   space 5632K, 0% used [0x000000079d100000,0x000000079d100000,0x000000079d680000)
 ParOldGen       total 80896K, used 67634K [0x0000000740000000, 0x0000000744f00000, 0x0000000795580000)
  object space 80896K, 83% used [0x0000000740000000,0x000000074420c828,0x0000000744f00000)
 Metaspace       used 58134K, capacity 82373K, committed 102272K, reserved 1122304K
  class space    used 14710K, capacity 23010K, committed 29824K, reserved 1048576K
Event: 14054.138 GC heap after
Heap after GC invocations=279 (full 7):
 PSYoungGen      total 125952K, used 3544K [0x0000000795580000, 0x000000079d700000, 0x00000007c0000000)
  eden space 120320K, 0% used [0x0000000795580000,0x0000000795580000,0x000000079cb00000)
  from space 5632K, 62% used [0x000000079d100000,0x000000079d476088,0x000000079d680000)
  to   space 6144K, 0% used [0x000000079cb00000,0x000000079cb00000,0x000000079d100000)
 ParOldGen       total 80896K, used 67642K [0x0000000740000000, 0x0000000744f00000, 0x0000000795580000)
  object space 80896K, 83% used [0x0000000740000000,0x000000074420e828,0x0000000744f00000)
 Metaspace       used 58134K, capacity 82373K, committed 102272K, reserved 1122304K
  class space    used 14710K, capacity 23010K, committed 29824K, reserved 1048576K
}
Event: 14055.616 GC heap before
{Heap before GC invocations=280 (full 7):
 PSYoungGen      total 125952K, used 123864K [0x0000000795580000, 0x000000079d700000, 0x00000007c0000000)
  eden space 120320K, 100% used [0x0000000795580000,0x000000079cb00000,0x000000079cb00000)
  from space 5632K, 62% used [0x000000079d100000,0x000000079d476088,0x000000079d680000)
  to   space 6144K, 0% used [0x000000079cb00000,0x000000079cb00000,0x000000079d100000)
 ParOldGen       total 80896K, used 67642K [0x0000000740000000, 0x0000000744f00000, 0x0000000795580000)
  object space 80896K, 83% used [0x0000000740000000,0x000000074420e828,0x0000000744f00000)
 Metaspace       used 58134K, capacity 82373K, committed 102272K, reserved 1122304K
  class space    used 14710K, capacity 23010K, committed 29824K, reserved 1048576K
Event: 14055.621 GC heap after
Heap after GC invocations=280 (full 7):
 PSYoungGen      total 126464K, used 5366K [0x0000000795580000, 0x000000079da80000, 0x00000007c0000000)
  eden space 120320K, 0% used [0x0000000795580000,0x0000000795580000,0x000000079cb00000)
  from space 6144K, 87% used [0x000000079cb00000,0x000000079d03d8f8,0x000000079d100000)
  to   space 7168K, 0% used [0x000000079d380000,0x000000079d380000,0x000000079da80000)
 ParOldGen       total 80896K, used 67714K [0x0000000740000000, 0x0000000744f00000, 0x0000000795580000)
  object space 80896K, 83% used [0x0000000740000000,0x0000000744220828,0x0000000744f00000)
 Metaspace       used 58134K, capacity 82373K, committed 102272K, reserved 1122304K
  class space    used 14710K, capacity 23010K, committed 29824K, reserved 1048576K
}
Event: 14058.664 GC heap before
{Heap before GC invocations=281 (full 7):
 PSYoungGen      total 126464K, used 125686K [0x0000000795580000, 0x000000079da80000, 0x00000007c0000000)
  eden space 120320K, 100% used [0x0000000795580000,0x000000079cb00000,0x000000079cb00000)
  from space 6144K, 87% used [0x000000079cb00000,0x000000079d03d8f8,0x000000079d100000)
  to   space 7168K, 0% used [0x000000079d380000,0x000000079d380000,0x000000079da80000)
 ParOldGen       total 80896K, used 67714K [0x0000000740000000, 0x0000000744f00000, 0x0000000795580000)
  object space 80896K, 83% used [0x0000000740000000,0x0000000744220828,0x0000000744f00000)
 Metaspace       used 58134K, capacity 82373K, committed 102272K, reserved 1122304K
  class space    used 14710K, capacity 23010K, committed 29824K, reserved 1048576K
Event: 14058.669 GC heap after
Heap after GC invocations=281 (full 7):
 PSYoungGen      total 128512K, used 5644K [0x0000000795580000, 0x000000079db80000, 0x00000007c0000000)
  eden space 121344K, 0% used [0x0000000795580000,0x0000000795580000,0x000000079cc00000)
  from space 7168K, 78% used [0x000000079d380000,0x000000079d903358,0x000000079da80000)
  to   space 7680K, 0% used [0x000000079cc00000,0x000000079cc00000,0x000000079d380000)
 ParOldGen       total 80896K, used 67762K [0x0000000740000000, 0x0000000744f00000, 0x0000000795580000)
  object space 80896K, 83% used [0x0000000740000000,0x000000074422c828,0x0000000744f00000)
 Metaspace       used 58134K, capacity 82373K, committed 102272K, reserved 1122304K
  class space    used 14710K, capacity 23010K, committed 29824K, reserved 1048576K
}
Event: 14070.931 GC heap before
{Heap before GC invocations=282 (full 7):
 PSYoungGen      total 128512K, used 126988K [0x0000000795580000, 0x000000079db80000, 0x00000007c0000000)
  eden space 121344K, 100% used [0x0000000795580000,0x000000079cc00000,0x000000079cc00000)
  from space 7168K, 78% used [0x000000079d380000,0x000000079d903358,0x000000079da80000)
  to   space 7680K, 0% used [0x000000079cc00000,0x000000079cc00000,0x000000079d380000)
 ParOldGen       total 80896K, used 67762K [0x0000000740000000, 0x0000000744f00000, 0x0000000795580000)
  object space 80896K, 83% used [0x0000000740000000,0x000000074422c828,0x0000000744f00000)
 Metaspace       used 58221K, capacity 82641K, committed 102272K, reserved 1122304K
  class space    used 14740K, capacity 23102K, committed 29824K, reserved 1048576K
Event: 14070.935 GC heap after
Heap after GC invocations=282 (full 7):
 PSYoungGen      total 129024K, used 2461K [0x0000000795580000, 0x000000079db00000, 0x00000007c0000000)
  eden space 121344K, 0% used [0x0000000795580000,0x0000000795580000,0x000000079cc00000)
  from space 7680K, 32% used [0x000000079cc00000,0x000000079ce675a8,0x000000079d380000)
  to   space 7168K, 0% used [0x000000079d400000,0x000000079d400000,0x000000079db00000)
 ParOldGen       total 80896K, used 67826K [0x0000000740000000, 0x0000000744f00000, 0x0000000795580000)
  object space 80896K, 83% used [0x0000000740000000,0x000000074423c828,0x0000000744f00000)
 Metaspace       used 58221K, capacity 82641K, committed 102272K, reserved 1122304K
  class space    used 14740K, capacity 23102K, committed 29824K, reserved 1048576K
}
Event: 14071.203 GC heap before
{Heap before GC invocations=283 (full 7):
 PSYoungGen      total 129024K, used 123805K [0x0000000795580000, 0x000000079db00000, 0x00000007c0000000)
  eden space 121344K, 100% used [0x0000000795580000,0x000000079cc00000,0x000000079cc00000)
  from space 7680K, 32% used [0x000000079cc00000,0x000000079ce675a8,0x000000079d380000)
  to   space 7168K, 0% used [0x000000079d400000,0x000000079d400000,0x000000079db00000)
 ParOldGen       total 80896K, used 67826K [0x0000000740000000, 0x0000000744f00000, 0x0000000795580000)
  object space 80896K, 83% used [0x0000000740000000,0x000000074423c828,0x0000000744f00000)
 Metaspace       used 58255K, capacity 82689K, committed 102272K, reserved 1122304K
  class space    used 14755K, capacity 23122K, committed 29824K, reserved 1048576K
Event: 14071.206 GC heap after
Heap after GC invocations=283 (full 7):
 PSYoungGen      total 129536K, used 1088K [0x0000000795580000, 0x000000079db80000, 0x00000007c0000000)
  eden space 122368K, 0% used [0x0000000795580000,0x0000000795580000,0x000000079cd00000)
  from space 7168K, 15% used [0x000000079d400000,0x000000079d510000,0x000000079db00000)
  to   space 7168K, 0% used [0x000000079cd00000,0x000000079cd00000,0x000000079d400000)
 ParOldGen       total 80896K, used 67834K [0x0000000740000000, 0x0000000744f00000, 0x0000000795580000)
  object space 80896K, 83% used [0x0000000740000000,0x000000074423e828,0x0000000744f00000)
 Metaspace       used 58255K, capacity 82689K, committed 102272K, reserved 1122304K
  class space    used 14755K, capacity 23122K, committed 29824K, reserved 1048576K
}

