# JRE version: Java(TM) SE Runtime Environment (8.0_11-b12) (build 1.8.0_11-b12)
# Java VM: Java HotSpot(TM) 64-Bit Server VM (25.11-b03 mixed mode bsd-amd64 compressed oops)
Heap:
 PSYoungGen      total 309760K, used 30133K [0x0000000795580000, 0x00000007a9c80000, 0x00000007c0000000)
  eden space 290816K, 7% used [0x0000000795580000,0x00000007969d5460,0x00000007a7180000)
  from space 18944K, 49% used [0x00000007a8a00000,0x00000007a9318020,0x00000007a9c80000)
  to   space 22016K, 0% used [0x00000007a7180000,0x00000007a7180000,0x00000007a8700000)
 ParOldGen       total 61440K, used 47613K [0x0000000740000000, 0x0000000743c00000, 0x0000000795580000)
  object space 61440K, 77% used [0x0000000740000000,0x0000000742e7f7a0,0x0000000743c00000)
 Metaspace       used 52202K, capacity 70154K, committed 70512K, reserved 1101824K
  class space    used 12784K, capacity 18676K, committed 18800K, reserved 1048576K
GC Heap History (10 events):
Event: 276.969 GC heap before
{Heap before GC invocations=45 (full 5):
 PSYoungGen      total 290304K, used 19519K [0x0000000795580000, 0x00000007a9080000, 0x00000007c0000000)
  eden space 267264K, 0% used [0x0000000795580000,0x0000000795580000,0x00000007a5a80000)
  from space 23040K, 84% used [0x00000007a7380000,0x00000007a868fc70,0x00000007a8a00000)
  to   space 25600K, 0% used [0x00000007a5a80000,0x00000007a5a80000,0x00000007a7380000)
 ParOldGen       total 56832K, used 43267K [0x0000000740000000, 0x0000000743780000, 0x0000000795580000)
  object space 56832K, 76% used [0x0000000740000000,0x0000000742a40e30,0x0000000743780000)
 Metaspace       used 41679K, capacity 51678K, committed 51696K, reserved 1087488K
  class space    used 9817K, capacity 13279K, committed 13296K, reserved 1048576K
Event: 277.118 GC heap after
Heap after GC invocations=45 (full 5):
 PSYoungGen      total 290304K, used 0K [0x0000000795580000, 0x00000007a9080000, 0x00000007c0000000)
  eden space 267264K, 0% used [0x0000000795580000,0x0000000795580000,0x00000007a5a80000)
  from space 23040K, 0% used [0x00000007a7380000,0x00000007a7380000,0x00000007a8a00000)
  to   space 25600K, 0% used [0x00000007a5a80000,0x00000007a5a80000,0x00000007a7380000)
 ParOldGen       total 61440K, used 47581K [0x0000000740000000, 0x0000000743c00000, 0x0000000795580000)
  object space 61440K, 77% used [0x0000000740000000,0x0000000742e777a0,0x0000000743c00000)
 Metaspace       used 41679K, capacity 51678K, committed 51696K, reserved 1087488K
  class space    used 9817K, capacity 13279K, committed 13296K, reserved 1048576K
}
Event: 278.110 GC heap before
{Heap before GC invocations=46 (full 5):
 PSYoungGen      total 290304K, used 267264K [0x0000000795580000, 0x00000007a9080000, 0x00000007c0000000)
  eden space 267264K, 100% used [0x0000000795580000,0x00000007a5a80000,0x00000007a5a80000)
  from space 23040K, 0% used [0x00000007a7380000,0x00000007a7380000,0x00000007a8a00000)
  to   space 25600K, 0% used [0x00000007a5a80000,0x00000007a5a80000,0x00000007a7380000)
 ParOldGen       total 61440K, used 47581K [0x0000000740000000, 0x0000000743c00000, 0x0000000795580000)
  object space 61440K, 77% used [0x0000000740000000,0x0000000742e777a0,0x0000000743c00000)
 Metaspace       used 44456K, capacity 56196K, committed 56304K, reserved 1091584K
  class space    used 10574K, capacity 14565K, committed 14576K, reserved 1048576K
Event: 278.114 GC heap after
Heap after GC invocations=46 (full 5):
 PSYoungGen      total 292864K, used 2736K [0x0000000795580000, 0x00000007a9c80000, 0x00000007c0000000)
  eden space 267264K, 0% used [0x0000000795580000,0x0000000795580000,0x00000007a5a80000)
  from space 25600K, 10% used [0x00000007a5a80000,0x00000007a5d2c010,0x00000007a7380000)
  to   space 25600K, 0% used [0x00000007a8380000,0x00000007a8380000,0x00000007a9c80000)
 ParOldGen       total 61440K, used 47589K [0x0000000740000000, 0x0000000743c00000, 0x0000000795580000)
  object space 61440K, 77% used [0x0000000740000000,0x0000000742e797a0,0x0000000743c00000)
 Metaspace       used 44456K, capacity 56196K, committed 56304K, reserved 1091584K
  class space    used 10574K, capacity 14565K, committed 14576K, reserved 1048576K
}
Event: 278.944 GC heap before
{Heap before GC invocations=47 (full 5):
 PSYoungGen      total 292864K, used 270000K [0x0000000795580000, 0x00000007a9c80000, 0x00000007c0000000)
  eden space 267264K, 100% used [0x0000000795580000,0x00000007a5a80000,0x00000007a5a80000)
  from space 25600K, 10% used [0x00000007a5a80000,0x00000007a5d2c010,0x00000007a7380000)
  to   space 25600K, 0% used [0x00000007a8380000,0x00000007a8380000,0x00000007a9c80000)
 ParOldGen       total 61440K, used 47589K [0x0000000740000000, 0x0000000743c00000, 0x0000000795580000)
  object space 61440K, 77% used [0x0000000740000000,0x0000000742e797a0,0x0000000743c00000)
 Metaspace       used 46797K, capacity 61260K, committed 61424K, reserved 1095680K
  class space    used 11236K, capacity 16004K, committed 16112K, reserved 1048576K
Event: 278.949 GC heap after
Heap after GC invocations=47 (full 5):
 PSYoungGen      total 302080K, used 5336K [0x0000000795580000, 0x00000007a9800000, 0x00000007c0000000)
  eden space 281088K, 0% used [0x0000000795580000,0x0000000795580000,0x00000007a6800000)
  from space 20992K, 25% used [0x00000007a8380000,0x00000007a88b62e8,0x00000007a9800000)
  to   space 24576K, 0% used [0x00000007a6800000,0x00000007a6800000,0x00000007a8000000)
 ParOldGen       total 61440K, used 47597K [0x0000000740000000, 0x0000000743c00000, 0x0000000795580000)
  object space 61440K, 77% used [0x0000000740000000,0x0000000742e7b7a0,0x0000000743c00000)
 Metaspace       used 46797K, capacity 61260K, committed 61424K, reserved 1095680K
  class space    used 11236K, capacity 16004K, committed 16112K, reserved 1048576K
}
Event: 283.071 GC heap before
{Heap before GC invocations=48 (full 5):
 PSYoungGen      total 302080K, used 286424K [0x0000000795580000, 0x00000007a9800000, 0x00000007c0000000)
  eden space 281088K, 100% used [0x0000000795580000,0x00000007a6800000,0x00000007a6800000)
  from space 20992K, 25% used [0x00000007a8380000,0x00000007a88b62e8,0x00000007a9800000)
  to   space 24576K, 0% used [0x00000007a6800000,0x00000007a6800000,0x00000007a8000000)
 ParOldGen       total 61440K, used 47597K [0x0000000740000000, 0x0000000743c00000, 0x0000000795580000)
  object space 61440K, 77% used [0x0000000740000000,0x0000000742e7b7a0,0x0000000743c00000)
 Metaspace       used 50822K, capacity 67014K, committed 67184K, reserved 1099776K
  class space    used 12397K, capacity 17741K, committed 17776K, reserved 1048576K
Event: 283.081 GC heap after
Heap after GC invocations=48 (full 5):
 PSYoungGen      total 305664K, used 8640K [0x0000000795580000, 0x00000007aa080000, 0x00000007c0000000)
  eden space 281088K, 0% used [0x0000000795580000,0x0000000795580000,0x00000007a6800000)
  from space 24576K, 35% used [0x00000007a6800000,0x00000007a7070020,0x00000007a8000000)
  to   space 23040K, 0% used [0x00000007a8a00000,0x00000007a8a00000,0x00000007aa080000)
 ParOldGen       total 61440K, used 47605K [0x0000000740000000, 0x0000000743c00000, 0x0000000795580000)
  object space 61440K, 77% used [0x0000000740000000,0x0000000742e7d7a0,0x0000000743c00000)
 Metaspace       used 50822K, capacity 67014K, committed 67184K, reserved 1099776K
  class space    used 12397K, capacity 17741K, committed 17776K, reserved 1048576K
}
Event: 4595.745 GC heap before
{Heap before GC invocations=49 (full 5):
 PSYoungGen      total 305664K, used 289728K [0x0000000795580000, 0x00000007aa080000, 0x00000007c0000000)
  eden space 281088K, 100% used [0x0000000795580000,0x00000007a6800000,0x00000007a6800000)
  from space 24576K, 35% used [0x00000007a6800000,0x00000007a7070020,0x00000007a8000000)
  to   space 23040K, 0% used [0x00000007a8a00000,0x00000007a8a00000,0x00000007aa080000)
 ParOldGen       total 61440K, used 47605K [0x0000000740000000, 0x0000000743c00000, 0x0000000795580000)
  object space 61440K, 77% used [0x0000000740000000,0x0000000742e7d7a0,0x0000000743c00000)
 Metaspace       used 52197K, capacity 70154K, committed 70512K, reserved 1101824K
  class space    used 12784K, capacity 18676K, committed 18800K, reserved 1048576K
Event: 4601.440 GC heap after
Heap after GC invocations=49 (full 5):
 PSYoungGen      total 309760K, used 9312K [0x0000000795580000, 0x00000007a9c80000, 0x00000007c0000000)
  eden space 290816K, 0% used [0x0000000795580000,0x0000000795580000,0x00000007a7180000)
  from space 18944K, 49% used [0x00000007a8a00000,0x00000007a9318020,0x00000007a9c80000)
  to   space 22016K, 0% used [0x00000007a7180000,0x00000007a7180000,0x00000007a8700000)
 ParOldGen       total 61440K, used 47613K [0x0000000740000000, 0x0000000743c00000, 0x0000000795580000)
  object space 61440K, 77% used [0x0000000740000000,0x0000000742e7f7a0,0x0000000743c00000)
 Metaspace       used 52197K, capacity 70154K, committed 70512K, reserved 1101824K
  class space    used 12784K, capacity 18676K, committed 18800K, reserved 1048576K
}

