# JRE version: Java(TM) SE Runtime Environment (8.0_11-b12) (build 1.8.0_11-b12)
# Java VM: Java HotSpot(TM) 64-Bit Server VM (25.11-b03 mixed mode bsd-amd64 compressed oops)
Heap:
 PSYoungGen      total 233984K, used 182793K [0x0000000795580000, 0x00000007a5d80000, 0x00000007c0000000)
  eden space 198656K, 87% used [0x0000000795580000,0x000000079fe963e0,0x00000007a1780000)
  from space 35328K, 27% used [0x00000007a3b00000,0x00000007a446c320,0x00000007a5d80000)
  to   space 35840K, 0% used [0x00000007a1780000,0x00000007a1780000,0x00000007a3a80000)
 ParOldGen       total 65536K, used 54882K [0x0000000740000000, 0x0000000744000000, 0x0000000795580000)
  object space 65536K, 83% used [0x0000000740000000,0x0000000743598b40,0x0000000744000000)
 Metaspace       used 60950K, capacity 83221K, committed 83448K, reserved 1110016K
  class space    used 16173K, capacity 23683K, committed 23800K, reserved 1048576K
GC Heap History (10 events):
Event: 27.822 GC heap before
{Heap before GC invocations=47 (full 4):
 PSYoungGen      total 210432K, used 204811K [0x0000000795580000, 0x00000007a4480000, 0x00000007c0000000)
  eden space 181248K, 100% used [0x0000000795580000,0x00000007a0680000,0x00000007a0680000)
  from space 29184K, 80% used [0x00000007a2500000,0x00000007a3c02c78,0x00000007a4180000)
  to   space 31232K, 0% used [0x00000007a0680000,0x00000007a0680000,0x00000007a2500000)
 ParOldGen       total 54272K, used 40857K [0x0000000740000000, 0x0000000743500000, 0x0000000795580000)
  object space 54272K, 75% used [0x0000000740000000,0x00000007427e6690,0x0000000743500000)
 Metaspace       used 54664K, capacity 72477K, committed 72704K, reserved 1101824K
  class space    used 14363K, capacity 20452K, committed 20480K, reserved 1048576K
Event: 27.839 GC heap after
Heap after GC invocations=47 (full 4):
 PSYoungGen      total 212480K, used 24400K [0x0000000795580000, 0x00000007a5100000, 0x00000007c0000000)
  eden space 181248K, 0% used [0x0000000795580000,0x0000000795580000,0x00000007a0680000)
  from space 31232K, 78% used [0x00000007a0680000,0x00000007a1e54040,0x00000007a2500000)
  to   space 33280K, 0% used [0x00000007a3080000,0x00000007a3080000,0x00000007a5100000)
 ParOldGen       total 54272K, used 41461K [0x0000000740000000, 0x0000000743500000, 0x0000000795580000)
  object space 54272K, 76% used [0x0000000740000000,0x000000074287d610,0x0000000743500000)
 Metaspace       used 54664K, capacity 72477K, committed 72704K, reserved 1101824K
  class space    used 14363K, capacity 20452K, committed 20480K, reserved 1048576K
}
Event: 28.432 GC heap before
{Heap before GC invocations=48 (full 4):
 PSYoungGen      total 212480K, used 205648K [0x0000000795580000, 0x00000007a5100000, 0x00000007c0000000)
  eden space 181248K, 100% used [0x0000000795580000,0x00000007a0680000,0x00000007a0680000)
  from space 31232K, 78% used [0x00000007a0680000,0x00000007a1e54040,0x00000007a2500000)
  to   space 33280K, 0% used [0x00000007a3080000,0x00000007a3080000,0x00000007a5100000)
 ParOldGen       total 54272K, used 41461K [0x0000000740000000, 0x0000000743500000, 0x0000000795580000)
  object space 54272K, 76% used [0x0000000740000000,0x000000074287d610,0x0000000743500000)
 Metaspace       used 56394K, capacity 76203K, committed 76416K, reserved 1103872K
  class space    used 14867K, capacity 21558K, committed 21632K, reserved 1048576K
Event: 28.452 GC heap after
Heap after GC invocations=48 (full 4):
 PSYoungGen      total 222208K, used 25091K [0x0000000795580000, 0x00000007a5480000, 0x00000007c0000000)
  eden space 188928K, 0% used [0x0000000795580000,0x0000000795580000,0x00000007a0e00000)
  from space 33280K, 75% used [0x00000007a3080000,0x00000007a4900d88,0x00000007a5100000)
  to   space 35328K, 0% used [0x00000007a0e00000,0x00000007a0e00000,0x00000007a3080000)
 ParOldGen       total 54272K, used 42873K [0x0000000740000000, 0x0000000743500000, 0x0000000795580000)
  object space 54272K, 78% used [0x0000000740000000,0x00000007429de680,0x0000000743500000)
 Metaspace       used 56394K, capacity 76203K, committed 76416K, reserved 1103872K
  class space    used 14867K, capacity 21558K, committed 21632K, reserved 1048576K
}
Event: 28.826 GC heap before
{Heap before GC invocations=49 (full 4):
 PSYoungGen      total 222208K, used 106202K [0x0000000795580000, 0x00000007a5480000, 0x00000007c0000000)
  eden space 188928K, 42% used [0x0000000795580000,0x000000079a4b5c20,0x00000007a0e00000)
  from space 33280K, 75% used [0x00000007a3080000,0x00000007a4900d88,0x00000007a5100000)
  to   space 35328K, 0% used [0x00000007a0e00000,0x00000007a0e00000,0x00000007a3080000)
 ParOldGen       total 54272K, used 42873K [0x0000000740000000, 0x0000000743500000, 0x0000000795580000)
  object space 54272K, 78% used [0x0000000740000000,0x00000007429de680,0x0000000743500000)
 Metaspace       used 58161K, capacity 79005K, committed 79096K, reserved 1105920K
  class space    used 15394K, capacity 22431K, committed 22520K, reserved 1048576K
Event: 28.844 GC heap after
Heap after GC invocations=49 (full 4):
 PSYoungGen      total 224256K, used 24960K [0x0000000795580000, 0x00000007a5e80000, 0x00000007c0000000)
  eden space 188928K, 0% used [0x0000000795580000,0x0000000795580000,0x00000007a0e00000)
  from space 35328K, 70% used [0x00000007a0e00000,0x00000007a2660050,0x00000007a3080000)
  to   space 36352K, 0% used [0x00000007a3b00000,0x00000007a3b00000,0x00000007a5e80000)
 ParOldGen       total 54272K, used 44004K [0x0000000740000000, 0x0000000743500000, 0x0000000795580000)
  object space 54272K, 81% used [0x0000000740000000,0x0000000742af91d0,0x0000000743500000)
 Metaspace       used 58161K, capacity 79005K, committed 79096K, reserved 1105920K
  class space    used 15394K, capacity 22431K, committed 22520K, reserved 1048576K
}
Event: 28.844 GC heap before
{Heap before GC invocations=50 (full 5):
 PSYoungGen      total 224256K, used 24960K [0x0000000795580000, 0x00000007a5e80000, 0x00000007c0000000)
  eden space 188928K, 0% used [0x0000000795580000,0x0000000795580000,0x00000007a0e00000)
  from space 35328K, 70% used [0x00000007a0e00000,0x00000007a2660050,0x00000007a3080000)
  to   space 36352K, 0% used [0x00000007a3b00000,0x00000007a3b00000,0x00000007a5e80000)
 ParOldGen       total 54272K, used 44004K [0x0000000740000000, 0x0000000743500000, 0x0000000795580000)
  object space 54272K, 81% used [0x0000000740000000,0x0000000742af91d0,0x0000000743500000)
 Metaspace       used 58161K, capacity 79005K, committed 79096K, reserved 1105920K
  class space    used 15394K, capacity 22431K, committed 22520K, reserved 1048576K
Event: 29.248 GC heap after
Heap after GC invocations=50 (full 5):
 PSYoungGen      total 224256K, used 7822K [0x0000000795580000, 0x00000007a5e80000, 0x00000007c0000000)
  eden space 188928K, 0% used [0x0000000795580000,0x0000000795580000,0x00000007a0e00000)
  from space 35328K, 22% used [0x00000007a0e00000,0x00000007a15a3840,0x00000007a3080000)
  to   space 36352K, 0% used [0x00000007a3b00000,0x00000007a3b00000,0x00000007a5e80000)
 ParOldGen       total 65536K, used 53798K [0x0000000740000000, 0x0000000744000000, 0x0000000795580000)
  object space 65536K, 82% used [0x0000000740000000,0x0000000743489890,0x0000000744000000)
 Metaspace       used 58161K, capacity 79005K, committed 79096K, reserved 1105920K
  class space    used 15394K, capacity 22431K, committed 22520K, reserved 1048576K
}
Event: 31.645 GC heap before
{Heap before GC invocations=51 (full 5):
 PSYoungGen      total 224256K, used 196750K [0x0000000795580000, 0x00000007a5e80000, 0x00000007c0000000)
  eden space 188928K, 100% used [0x0000000795580000,0x00000007a0e00000,0x00000007a0e00000)
  from space 35328K, 22% used [0x00000007a0e00000,0x00000007a15a3840,0x00000007a3080000)
  to   space 36352K, 0% used [0x00000007a3b00000,0x00000007a3b00000,0x00000007a5e80000)
 ParOldGen       total 65536K, used 53798K [0x0000000740000000, 0x0000000744000000, 0x0000000795580000)
  object space 65536K, 82% used [0x0000000740000000,0x0000000743489890,0x0000000744000000)
 Metaspace       used 60742K, capacity 82823K, committed 83064K, reserved 1107968K
  class space    used 16149K, capacity 23593K, committed 23672K, reserved 1048576K
Event: 31.662 GC heap after
Heap after GC invocations=51 (full 5):
 PSYoungGen      total 233984K, used 9648K [0x0000000795580000, 0x00000007a5d80000, 0x00000007c0000000)
  eden space 198656K, 0% used [0x0000000795580000,0x0000000795580000,0x00000007a1780000)
  from space 35328K, 27% used [0x00000007a3b00000,0x00000007a446c320,0x00000007a5d80000)
  to   space 35840K, 0% used [0x00000007a1780000,0x00000007a1780000,0x00000007a3a80000)
 ParOldGen       total 65536K, used 54882K [0x0000000740000000, 0x0000000744000000, 0x0000000795580000)
  object space 65536K, 83% used [0x0000000740000000,0x0000000743598b40,0x0000000744000000)
 Metaspace       used 60742K, capacity 82823K, committed 83064K, reserved 1107968K
  class space    used 16149K, capacity 23593K, committed 23672K, reserved 1048576K
}

