# JRE version: Java(TM) SE Runtime Environment (8.0_11-b12) (build 1.8.0_11-b12)
# Java VM: Java HotSpot(TM) 64-Bit Server VM (25.11-b03 mixed mode bsd-amd64 compressed oops)
Heap:
 PSYoungGen      total 245760K, used 204496K [0x0000000795580000, 0x00000007a6700000, 0x00000007c0000000)
  eden space 211456K, 92% used [0x0000000795580000,0x00000007a13cfe30,0x00000007a2400000)
  from space 34304K, 28% used [0x00000007a4580000,0x00000007a4ee4320,0x00000007a6700000)
  to   space 34304K, 0% used [0x00000007a2400000,0x00000007a2400000,0x00000007a4580000)
 ParOldGen       total 65536K, used 54913K [0x0000000740000000, 0x0000000744000000, 0x0000000795580000)
  object space 65536K, 83% used [0x0000000740000000,0x00000007435a07e0,0x0000000744000000)
 Metaspace       used 61679K, capacity 84433K, committed 84512K, reserved 1110016K
  class space    used 16493K, capacity 24331K, committed 24352K, reserved 1048576K
GC Heap History (10 events):
Event: 41.802 GC heap before
{Heap before GC invocations=47 (full 4):
 PSYoungGen      total 218624K, used 213792K [0x0000000795580000, 0x00000007a4980000, 0x00000007c0000000)
  eden space 192512K, 100% used [0x0000000795580000,0x00000007a1180000,0x00000007a1180000)
  from space 26112K, 81% used [0x00000007a2d00000,0x00000007a41c80b0,0x00000007a4680000)
  to   space 28160K, 0% used [0x00000007a1180000,0x00000007a1180000,0x00000007a2d00000)
 ParOldGen       total 54272K, used 42053K [0x0000000740000000, 0x0000000743500000, 0x0000000795580000)
  object space 54272K, 77% used [0x0000000740000000,0x00000007429114d8,0x0000000743500000)
 Metaspace       used 54544K, capacity 72203K, committed 72448K, reserved 1101824K
  class space    used 14338K, capacity 20414K, committed 20480K, reserved 1048576K
Event: 41.819 GC heap after
Heap after GC invocations=47 (full 4):
 PSYoungGen      total 220672K, used 23042K [0x0000000795580000, 0x00000007a5780000, 0x00000007c0000000)
  eden space 192512K, 0% used [0x0000000795580000,0x0000000795580000,0x00000007a1180000)
  from space 28160K, 81% used [0x00000007a1180000,0x00000007a2800970,0x00000007a2d00000)
  to   space 30208K, 0% used [0x00000007a3a00000,0x00000007a3a00000,0x00000007a5780000)
 ParOldGen       total 54272K, used 42061K [0x0000000740000000, 0x0000000743500000, 0x0000000795580000)
  object space 54272K, 77% used [0x0000000740000000,0x00000007429134d8,0x0000000743500000)
 Metaspace       used 54544K, capacity 72203K, committed 72448K, reserved 1101824K
  class space    used 14338K, capacity 20414K, committed 20480K, reserved 1048576K
}
Event: 42.399 GC heap before
{Heap before GC invocations=48 (full 4):
 PSYoungGen      total 220672K, used 215554K [0x0000000795580000, 0x00000007a5780000, 0x00000007c0000000)
  eden space 192512K, 100% used [0x0000000795580000,0x00000007a1180000,0x00000007a1180000)
  from space 28160K, 81% used [0x00000007a1180000,0x00000007a2800970,0x00000007a2d00000)
  to   space 30208K, 0% used [0x00000007a3a00000,0x00000007a3a00000,0x00000007a5780000)
 ParOldGen       total 54272K, used 42061K [0x0000000740000000, 0x0000000743500000, 0x0000000795580000)
  object space 54272K, 77% used [0x0000000740000000,0x00000007429134d8,0x0000000743500000)
 Metaspace       used 56113K, capacity 75231K, committed 75264K, reserved 1103872K
  class space    used 14801K, capacity 21241K, committed 21248K, reserved 1048576K
Event: 42.422 GC heap after
Heap after GC invocations=48 (full 4):
 PSYoungGen      total 231424K, used 25143K [0x0000000795580000, 0x00000007a5c80000, 0x00000007c0000000)
  eden space 201216K, 0% used [0x0000000795580000,0x0000000795580000,0x00000007a1a00000)
  from space 30208K, 83% used [0x00000007a3a00000,0x00000007a528df00,0x00000007a5780000)
  to   space 32768K, 0% used [0x00000007a1a00000,0x00000007a1a00000,0x00000007a3a00000)
 ParOldGen       total 54272K, used 42069K [0x0000000740000000, 0x0000000743500000, 0x0000000795580000)
  object space 54272K, 77% used [0x0000000740000000,0x00000007429154d8,0x0000000743500000)
 Metaspace       used 56113K, capacity 75231K, committed 75264K, reserved 1103872K
  class space    used 14801K, capacity 21241K, committed 21248K, reserved 1048576K
}
Event: 44.348 GC heap before
{Heap before GC invocations=49 (full 4):
 PSYoungGen      total 231424K, used 161292K [0x0000000795580000, 0x00000007a5c80000, 0x00000007c0000000)
  eden space 201216K, 67% used [0x0000000795580000,0x000000079da754d8,0x00000007a1a00000)
  from space 30208K, 83% used [0x00000007a3a00000,0x00000007a528df00,0x00000007a5780000)
  to   space 32768K, 0% used [0x00000007a1a00000,0x00000007a1a00000,0x00000007a3a00000)
 ParOldGen       total 54272K, used 42069K [0x0000000740000000, 0x0000000743500000, 0x0000000795580000)
  object space 54272K, 77% used [0x0000000740000000,0x00000007429154d8,0x0000000743500000)
 Metaspace       used 58841K, capacity 80029K, committed 80032K, reserved 1105920K
  class space    used 15543K, capacity 22687K, committed 22688K, reserved 1048576K
Event: 44.365 GC heap after
Heap after GC invocations=49 (full 4):
 PSYoungGen      total 233984K, used 26496K [0x0000000795580000, 0x00000007a6780000, 0x00000007c0000000)
  eden space 201216K, 0% used [0x0000000795580000,0x0000000795580000,0x00000007a1a00000)
  from space 32768K, 80% used [0x00000007a1a00000,0x00000007a33e0030,0x00000007a3a00000)
  to   space 34816K, 0% used [0x00000007a4580000,0x00000007a4580000,0x00000007a6780000)
 ParOldGen       total 54272K, used 42228K [0x0000000740000000, 0x0000000743500000, 0x0000000795580000)
  object space 54272K, 77% used [0x0000000740000000,0x000000074293d0c0,0x0000000743500000)
 Metaspace       used 58841K, capacity 80029K, committed 80032K, reserved 1105920K
  class space    used 15543K, capacity 22687K, committed 22688K, reserved 1048576K
}
Event: 44.365 GC heap before
{Heap before GC invocations=50 (full 5):
 PSYoungGen      total 233984K, used 26496K [0x0000000795580000, 0x00000007a6780000, 0x00000007c0000000)
  eden space 201216K, 0% used [0x0000000795580000,0x0000000795580000,0x00000007a1a00000)
  from space 32768K, 80% used [0x00000007a1a00000,0x00000007a33e0030,0x00000007a3a00000)
  to   space 34816K, 0% used [0x00000007a4580000,0x00000007a4580000,0x00000007a6780000)
 ParOldGen       total 54272K, used 42228K [0x0000000740000000, 0x0000000743500000, 0x0000000795580000)
  object space 54272K, 77% used [0x0000000740000000,0x000000074293d0c0,0x0000000743500000)
 Metaspace       used 58841K, capacity 80029K, committed 80032K, reserved 1105920K
  class space    used 15543K, capacity 22687K, committed 22688K, reserved 1048576K
Event: 44.880 GC heap after
Heap after GC invocations=50 (full 5):
 PSYoungGen      total 233984K, used 8392K [0x0000000795580000, 0x00000007a6780000, 0x00000007c0000000)
  eden space 201216K, 0% used [0x0000000795580000,0x0000000795580000,0x00000007a1a00000)
  from space 32768K, 25% used [0x00000007a1a00000,0x00000007a22321c8,0x00000007a3a00000)
  to   space 34816K, 0% used [0x00000007a4580000,0x00000007a4580000,0x00000007a6780000)
 ParOldGen       total 65536K, used 53840K [0x0000000740000000, 0x0000000744000000, 0x0000000795580000)
  object space 65536K, 82% used [0x0000000740000000,0x00000007434942c8,0x0000000744000000)
 Metaspace       used 58841K, capacity 80029K, committed 80032K, reserved 1105920K
  class space    used 15543K, capacity 22687K, committed 22688K, reserved 1048576K
}
Event: 47.271 GC heap before
{Heap before GC invocations=51 (full 5):
 PSYoungGen      total 233984K, used 209608K [0x0000000795580000, 0x00000007a6780000, 0x00000007c0000000)
  eden space 201216K, 100% used [0x0000000795580000,0x00000007a1a00000,0x00000007a1a00000)
  from space 32768K, 25% used [0x00000007a1a00000,0x00000007a22321c8,0x00000007a3a00000)
  to   space 34816K, 0% used [0x00000007a4580000,0x00000007a4580000,0x00000007a6780000)
 ParOldGen       total 65536K, used 53840K [0x0000000740000000, 0x0000000744000000, 0x0000000795580000)
  object space 65536K, 82% used [0x0000000740000000,0x00000007434942c8,0x0000000744000000)
 Metaspace       used 60829K, capacity 82967K, committed 83104K, reserved 1107968K
  class space    used 16168K, capacity 23636K, committed 23712K, reserved 1048576K
Event: 47.290 GC heap after
Heap after GC invocations=51 (full 5):
 PSYoungGen      total 245760K, used 9616K [0x0000000795580000, 0x00000007a6700000, 0x00000007c0000000)
  eden space 211456K, 0% used [0x0000000795580000,0x0000000795580000,0x00000007a2400000)
  from space 34304K, 28% used [0x00000007a4580000,0x00000007a4ee4320,0x00000007a6700000)
  to   space 34304K, 0% used [0x00000007a2400000,0x00000007a2400000,0x00000007a4580000)
 ParOldGen       total 65536K, used 54913K [0x0000000740000000, 0x0000000744000000, 0x0000000795580000)
  object space 65536K, 83% used [0x0000000740000000,0x00000007435a07e0,0x0000000744000000)
 Metaspace       used 60829K, capacity 82967K, committed 83104K, reserved 1107968K
  class space    used 16168K, capacity 23636K, committed 23712K, reserved 1048576K
}

